<?xml version="1.0" encoding="UTF-8"?>
<!-- Generated by org.testng.reporters.JUnitXMLReporter -->
<testsuite ignored="0" hostname="DESKTOP-HVEQTT1" failures="0" tests="3" name="Default test" time="74.961" errors="0" timestamp="2024-03-11T09:48:25 IST">
  <testcase classname="com.QAFox.qa.TestCases.RegisterTest" name="verifyRegiterPageTtile" time="3.692"/>
  <testcase classname="com.QAFox.qa.TestCases.RegisterTest" name="verifyRegiterPageHeader" time="1.942"/>
  <testcase classname="com.QAFox.qa.TestCases.RegisterTest" name="veriyRegistration" time="3.857"/>
</testsuite> <!-- Default test -->
