<?xml version="1.0" encoding="UTF-8"?>
<!-- Generated by org.testng.reporters.JUnitXMLReporter -->
<testsuite ignored="0" hostname="DESKTOP-HVEQTT1" failures="0" tests="3" name="Register Page Testing in Chrome1" time="77.841" errors="0" timestamp="2024-03-10T19:27:39 IST">
  <testcase classname="com.QAFox.qa.TestCases.RegisterTest" name="verifyRegiterPageTtile" time="5.058"/>
  <testcase classname="com.QAFox.qa.TestCases.RegisterTest" name="verifyRegiterPageHeader" time="1.929"/>
  <testcase classname="com.QAFox.qa.TestCases.RegisterTest" name="veriyRegistration" time="4.158"/>
</testsuite> <!-- Register Page Testing in Chrome1 -->
