<?xml version="1.0" encoding="UTF-8"?>
<testng-results ignored="0" total="3" passed="3" failed="0" skipped="0">
  <reporter-output>
  </reporter-output>
  <suite started-at="2024-03-11T09:47:10 IST" name="Default suite" finished-at="2024-03-11T09:48:25 IST" duration-ms="74961">
    <groups>
    </groups>
    <test started-at="2024-03-11T09:47:10 IST" name="Default test" finished-at="2024-03-11T09:48:25 IST" duration-ms="74961">
      <class name="com.QAFox.qa.TestCases.RegisterTest">
        <test-method is-config="true" signature="setupLounch(java.lang.String)[pri:0, instance:com.QAFox.qa.TestCases.RegisterTest@70ed52de]" started-at="2024-03-11T09:47:11 IST" name="setupLounch" finished-at="2024-03-11T09:47:57 IST" duration-ms="46757" status="PASS">
          <params>
            <param index="0">
              <value>
                <![CDATA[chrome]]>
              </value>
            </param>
          </params>
          <reporter-output>
          </reporter-output>
        </test-method> <!-- setupLounch -->
        <test-method signature="verifyRegiterPageTtile()[pri:1, instance:com.QAFox.qa.TestCases.RegisterTest@70ed52de]" started-at="2024-03-11T09:47:57 IST" name="verifyRegiterPageTtile" finished-at="2024-03-11T09:48:01 IST" duration-ms="3692" status="PASS">
          <reporter-output>
          </reporter-output>
        </test-method> <!-- verifyRegiterPageTtile -->
        <test-method is-config="true" signature="tearDoun()[pri:0, instance:com.QAFox.qa.TestCases.RegisterTest@70ed52de]" started-at="2024-03-11T09:48:01 IST" name="tearDoun" finished-at="2024-03-11T09:48:02 IST" duration-ms="516" status="PASS">
          <reporter-output>
          </reporter-output>
        </test-method> <!-- tearDoun -->
        <test-method is-config="true" signature="setupLounch(java.lang.String)[pri:0, instance:com.QAFox.qa.TestCases.RegisterTest@70ed52de]" started-at="2024-03-11T09:48:02 IST" name="setupLounch" finished-at="2024-03-11T09:48:11 IST" duration-ms="9291" status="PASS">
          <params>
            <param index="0">
              <value>
                <![CDATA[chrome]]>
              </value>
            </param>
          </params>
          <reporter-output>
          </reporter-output>
        </test-method> <!-- setupLounch -->
        <test-method signature="verifyRegiterPageHeader()[pri:2, instance:com.QAFox.qa.TestCases.RegisterTest@70ed52de]" started-at="2024-03-11T09:48:11 IST" name="verifyRegiterPageHeader" finished-at="2024-03-11T09:48:13 IST" duration-ms="1942" status="PASS">
          <reporter-output>
          </reporter-output>
        </test-method> <!-- verifyRegiterPageHeader -->
        <test-method is-config="true" signature="tearDoun()[pri:0, instance:com.QAFox.qa.TestCases.RegisterTest@70ed52de]" started-at="2024-03-11T09:48:13 IST" name="tearDoun" finished-at="2024-03-11T09:48:13 IST" duration-ms="284" status="PASS">
          <reporter-output>
          </reporter-output>
        </test-method> <!-- tearDoun -->
        <test-method is-config="true" signature="setupLounch(java.lang.String)[pri:0, instance:com.QAFox.qa.TestCases.RegisterTest@70ed52de]" started-at="2024-03-11T09:48:13 IST" name="setupLounch" finished-at="2024-03-11T09:48:21 IST" duration-ms="8022" status="PASS">
          <params>
            <param index="0">
              <value>
                <![CDATA[chrome]]>
              </value>
            </param>
          </params>
          <reporter-output>
          </reporter-output>
        </test-method> <!-- setupLounch -->
        <test-method signature="veriyRegistration()[pri:3, instance:com.QAFox.qa.TestCases.RegisterTest@70ed52de]" started-at="2024-03-11T09:48:21 IST" name="veriyRegistration" finished-at="2024-03-11T09:48:25 IST" duration-ms="3857" status="PASS">
          <reporter-output>
          </reporter-output>
        </test-method> <!-- veriyRegistration -->
        <test-method is-config="true" signature="tearDoun()[pri:0, instance:com.QAFox.qa.TestCases.RegisterTest@70ed52de]" started-at="2024-03-11T09:48:25 IST" name="tearDoun" finished-at="2024-03-11T09:48:25 IST" duration-ms="266" status="PASS">
          <reporter-output>
          </reporter-output>
        </test-method> <!-- tearDoun -->
      </class> <!-- com.QAFox.qa.TestCases.RegisterTest -->
    </test> <!-- Default test -->
  </suite> <!-- Default suite -->
</testng-results>
